Copyright 1986-2022 Xilinx, Inc. All Rights Reserved. Copyright 2022-2024 Advanced Micro Devices, Inc. All Rights Reserved.
---------------------------------------------------------------------------------------------------------------------------------------------
| Tool Version : Vivado v.2024.2 (lin64) Build 5239630 Fri Nov 08 22:34:34 MST 2024
| Date         : Mon May 18 16:10:50 2026
| Host         : user18-H410M-HD3P running 64-bit Ubuntu 24.04.4 LTS
| Command      : report_drc -file design_1_wrapper_drc_routed.rpt -pb design_1_wrapper_drc_routed.pb -rpx design_1_wrapper_drc_routed.rpx
| Design       : design_1_wrapper
| Device       : xc7a35tcpg236-1
| Speed File   : -1
| Design State : Fully Routed
---------------------------------------------------------------------------------------------------------------------------------------------

Report DRC

Table of Contents
-----------------
1. REPORT SUMMARY
2. REPORT DETAILS

1. REPORT SUMMARY
-----------------
            Netlist: netlist
          Floorplan: design_1
      Design limits: <entire design considered>
           Ruledeck: default
             Max checks: <unlimited>
             Checks found: 6
+----------+----------+----------------------------+--------+
| Rule     | Severity | Description                | Checks |
+----------+----------+----------------------------+--------+
| PDRC-132 | Warning  | SLICE_PairEqSame_A6A5_WARN | 1      |
| PDRC-134 | Warning  | SLICE_PairEqSame_B6B5_WARN | 3      |
| PDRC-136 | Warning  | SLICE_PairEqSame_C6C5_WARN | 1      |
| PDRC-138 | Warning  | SLICE_PairEqSame_D6D5_WARN | 1      |
+----------+----------+----------------------------+--------+

2. REPORT DETAILS
-----------------
PDRC-132#1 Warning
SLICE_PairEqSame_A6A5_WARN  
Luts A6LUT and A5LUT in use in site SLICE_X37Y3 with different equations without A6 pin connected to Global Logic High.
Related violations: <none>

PDRC-134#1 Warning
SLICE_PairEqSame_B6B5_WARN  
Luts B6LUT and B5LUT in use in site SLICE_X37Y5 with different equations without A6 pin connected to Global Logic High.
Related violations: <none>

PDRC-134#2 Warning
SLICE_PairEqSame_B6B5_WARN  
Luts B6LUT and B5LUT in use in site SLICE_X47Y30 with different equations without A6 pin connected to Global Logic High.
Related violations: <none>

PDRC-134#3 Warning
SLICE_PairEqSame_B6B5_WARN  
Luts B6LUT and B5LUT in use in site SLICE_X49Y29 with different equations without A6 pin connected to Global Logic High.
Related violations: <none>

PDRC-136#1 Warning
SLICE_PairEqSame_C6C5_WARN  
Luts C6LUT and C5LUT in use in site SLICE_X37Y5 with different equations without A6 pin connected to Global Logic High.
Related violations: <none>

PDRC-138#1 Warning
SLICE_PairEqSame_D6D5_WARN  
Luts D6LUT and D5LUT in use in site SLICE_X32Y25 with different equations without A6 pin connected to Global Logic High.
Related violations: <none>


